<?xml version="1.0" encoding="UTF-8" ?>
<testsuite tests="10" failures="0" name="com.transaction.cucumber.CucumberTest" time="0.013" errors="0" skipped="0">
  <properties>
    <property name="java.runtime.name" value="OpenJDK Runtime Environment"/>
    <property name="sun.boot.library.path" value="/home/anshul/anaconda3/jre/lib/amd64"/>
    <property name="java.vm.version" value="25.152-b12"/>
    <property name="java.vm.vendor" value="JetBrains s.r.o"/>
    <property name="maven.multiModuleProjectDirectory" value="/home/anshul/eclipse/java-2019-12/eclipse/02267-microservices"/>
    <property name="java.vendor.url" value="https://www.jetbrains.com/"/>
    <property name="path.separator" value=":"/>
    <property name="guice.disable.misplaced.annotation.check" value="true"/>
    <property name="java.vm.name" value="OpenJDK 64-Bit Server VM"/>
    <property name="file.encoding.pkg" value="sun.io"/>
    <property name="user.country" value="IN"/>
    <property name="sun.java.launcher" value="SUN_STANDARD"/>
    <property name="sun.os.patch.level" value="unknown"/>
    <property name="java.vm.specification.name" value="Java Virtual Machine Specification"/>
    <property name="user.dir" value="/home/anshul/eclipse/java-2019-12/eclipse/02267-microservices"/>
    <property name="java.runtime.version" value="1.8.0_152-release-1056-b12"/>
    <property name="java.awt.graphicsenv" value="sun.awt.X11GraphicsEnvironment"/>
    <property name="java.endorsed.dirs" value="/home/anshul/anaconda3/jre/lib/endorsed"/>
    <property name="os.arch" value="amd64"/>
    <property name="java.io.tmpdir" value="/tmp"/>
    <property name="line.separator" value="
"/>
    <property name="java.vm.specification.vendor" value="Oracle Corporation"/>
    <property name="os.name" value="Linux"/>
    <property name="classworlds.conf" value="/home/linuxbrew/.linuxbrew/Cellar/maven/3.6.3/libexec/bin/m2.conf"/>
    <property name="sun.jnu.encoding" value="UTF-8"/>
    <property name="java.library.path" value="/usr/java/packages/lib/amd64:/usr/lib64:/lib64:/lib:/usr/lib"/>
    <property name="maven.conf" value="/home/linuxbrew/.linuxbrew/Cellar/maven/3.6.3/libexec/conf"/>
    <property name="java.specification.name" value="Java Platform API Specification"/>
    <property name="java.class.version" value="52.0"/>
    <property name="sun.management.compiler" value="HotSpot 64-Bit Tiered Compilers"/>
    <property name="os.version" value="4.4.0-146-generic"/>
    <property name="library.jansi.path" value="/home/linuxbrew/.linuxbrew/Cellar/maven/3.6.3/libexec/lib/jansi-native"/>
    <property name="user.home" value="/home/anshul"/>
    <property name="user.timezone" value="Europe/Copenhagen"/>
    <property name="java.awt.printerjob" value="sun.print.PSPrinterJob"/>
    <property name="java.specification.version" value="1.8"/>
    <property name="file.encoding" value="UTF-8"/>
    <property name="user.name" value="anshul"/>
    <property name="java.class.path" value="/home/linuxbrew/.linuxbrew/Cellar/maven/3.6.3/libexec/boot/plexus-classworlds-2.6.0.jar"/>
    <property name="java.vm.specification.version" value="1.8"/>
    <property name="sun.arch.data.model" value="64"/>
    <property name="java.home" value="/home/anshul/anaconda3/jre"/>
    <property name="sun.java.command" value="org.codehaus.plexus.classworlds.launcher.Launcher install"/>
    <property name="java.specification.vendor" value="Oracle Corporation"/>
    <property name="user.language" value="en"/>
    <property name="awt.toolkit" value="sun.awt.X11.XToolkit"/>
    <property name="java.vm.info" value="mixed mode"/>
    <property name="java.version" value="1.8.0_152-release"/>
    <property name="java.ext.dirs" value="/home/anshul/anaconda3/jre/lib/ext:/usr/java/packages/lib/ext"/>
    <property name="securerandom.source" value="file:/dev/./urandom"/>
    <property name="sun.boot.class.path" value="/home/anshul/anaconda3/jre/lib/resources.jar:/home/anshul/anaconda3/jre/lib/rt.jar:/home/anshul/anaconda3/jre/lib/sunrsasign.jar:/home/anshul/anaconda3/jre/lib/jsse.jar:/home/anshul/anaconda3/jre/lib/jce.jar:/home/anshul/anaconda3/jre/lib/charsets.jar:/home/anshul/anaconda3/jre/lib/jfr.jar:/home/anshul/anaconda3/jre/classes"/>
    <property name="java.vendor" value="JetBrains s.r.o"/>
    <property name="maven.home" value="/home/linuxbrew/.linuxbrew/Cellar/maven/3.6.3/libexec"/>
    <property name="file.separator" value="/"/>
    <property name="java.vendor.url.bug" value="https://youtrack.jetbrains.com"/>
    <property name="sun.cpu.endian" value="little"/>
    <property name="sun.io.unicode.encoding" value="UnicodeLittle"/>
    <property name="sun.desktop" value="gnome"/>
    <property name="sun.cpu.isalist" value=""/>
  </properties>
  <testcase classname="Scenario: Successful reporting for customer" name="Given the following transactions:" time="0.002"/>
  <testcase classname="Scenario: Successful reporting for customer" name="When transaction manager generates monthly customer reports for 12 2019" time="0"/>
  <testcase classname="Scenario: Successful reporting for customer" name="Then the following customer transactions are in the reports:" time="0"/>
  <testcase classname="Scenario: Successful reporting for customer" name="And the following customer transactions are not in the reports:" time="0"/>
  <testcase classname="Scenario: Successful reporting for customer" name="Scenario: Successful reporting for customer" time="0.001"/>
  <testcase classname="Scenario: Successful reporting for merchant" name="Given the following transactions:" time="0.001"/>
  <testcase classname="Scenario: Successful reporting for merchant" name="When transaction manager generates monthly merchant reports for 12 2019" time="0"/>
  <testcase classname="Scenario: Successful reporting for merchant" name="Then the following merchant transactions are in the reports:" time="0.008"/>
  <testcase classname="Scenario: Successful reporting for merchant" name="And the following merchant transactions are not in the reports:" time="0"/>
  <testcase classname="Scenario: Successful reporting for merchant" name="Scenario: Successful reporting for merchant" time="0.001"/>
</testsuite>