<?xml version="1.0" encoding="UTF-8" ?>
<testsuite tests="16" failures="0" name="com.token.cucumber.CucumberTest" time="0.003" errors="0" skipped="0">
  <properties>
    <property name="java.runtime.name" value="Java(TM) SE Runtime Environment"/>
    <property name="java.vm.version" value="12.0.2+10"/>
    <property name="sun.boot.library.path" value="/Library/Java/JavaVirtualMachines/jdk-12.0.2.jdk/Contents/Home/lib"/>
    <property name="maven.multiModuleProjectDirectory" value="/Users/casperbogeskovhansen/documents/github/02267-microservices/TokenMicroservice"/>
    <property name="java.vm.vendor" value="Oracle Corporation"/>
    <property name="java.vendor.url" value="https://java.oracle.com/"/>
    <property name="guice.disable.misplaced.annotation.check" value="true"/>
    <property name="path.separator" value=":"/>
    <property name="java.vm.name" value="Java HotSpot(TM) 64-Bit Server VM"/>
    <property name="user.country" value="US"/>
    <property name="sun.java.launcher" value="SUN_STANDARD"/>
    <property name="java.vm.specification.name" value="Java Virtual Machine Specification"/>
    <property name="user.dir" value="/Users/casperbogeskovhansen/Documents/GitHub/02267-microservices/TokenMicroservice"/>
    <property name="java.vm.compressedOopsMode" value="Zero based"/>
    <property name="java.runtime.version" value="12.0.2+10"/>
    <property name="java.awt.graphicsenv" value="sun.awt.CGraphicsEnvironment"/>
    <property name="os.arch" value="x86_64"/>
    <property name="java.io.tmpdir" value="/var/folders/7n/v8xjlkw14yl10ngd3r3c_kfw0000gn/T/"/>
    <property name="line.separator" value="
"/>
    <property name="java.vm.specification.vendor" value="Oracle Corporation"/>
    <property name="os.name" value="Mac OS X"/>
    <property name="classworlds.conf" value="/usr/local/Cellar/maven/3.6.3/libexec/bin/m2.conf"/>
    <property name="sun.jnu.encoding" value="UTF-8"/>
    <property name="java.library.path" value="/Users/casperbogeskovhansen/Library/Java/Extensions:/Library/Java/Extensions:/Network/Library/Java/Extensions:/System/Library/Java/Extensions:/usr/lib/java:."/>
    <property name="maven.conf" value="/usr/local/Cellar/maven/3.6.3/libexec/conf"/>
    <property name="jdk.debug" value="release"/>
    <property name="java.class.version" value="56.0"/>
    <property name="java.specification.name" value="Java Platform API Specification"/>
    <property name="sun.management.compiler" value="HotSpot 64-Bit Tiered Compilers"/>
    <property name="os.version" value="10.14.6"/>
    <property name="library.jansi.path" value="/usr/local/Cellar/maven/3.6.3/libexec/lib/jansi-native"/>
    <property name="user.home" value="/Users/casperbogeskovhansen"/>
    <property name="user.timezone" value="Europe/Copenhagen"/>
    <property name="file.encoding" value="UTF-8"/>
    <property name="java.specification.version" value="12"/>
    <property name="user.name" value="casperbogeskovhansen"/>
    <property name="java.class.path" value="/usr/local/Cellar/maven/3.6.3/libexec/boot/plexus-classworlds-2.6.0.jar"/>
    <property name="java.vm.specification.version" value="12"/>
    <property name="sun.arch.data.model" value="64"/>
    <property name="sun.java.command" value="org.codehaus.plexus.classworlds.launcher.Launcher test"/>
    <property name="java.home" value="/Library/Java/JavaVirtualMachines/jdk-12.0.2.jdk/Contents/Home"/>
    <property name="user.language" value="en"/>
    <property name="java.specification.vendor" value="Oracle Corporation"/>
    <property name="awt.toolkit" value="sun.lwawt.macosx.LWCToolkit"/>
    <property name="java.vm.info" value="mixed mode, sharing"/>
    <property name="java.version" value="12.0.2"/>
    <property name="java.vendor" value="Oracle Corporation"/>
    <property name="maven.home" value="/usr/local/Cellar/maven/3.6.3/libexec"/>
    <property name="file.separator" value="/"/>
    <property name="java.version.date" value="2019-07-16"/>
    <property name="java.vendor.url.bug" value="https://bugreport.java.com/bugreport/"/>
    <property name="sun.io.unicode.encoding" value="UnicodeBig"/>
    <property name="sun.cpu.endian" value="little"/>
  </properties>
  <testcase classname="Scenario: Get unused token SUCCESS" name="Given a customer id 1" time="0.002"/>
  <testcase classname="Scenario: Get unused token SUCCESS" name="When the token is requested" time="0"/>
  <testcase classname="Scenario: Get unused token SUCCESS" name="Then the REST service succeeds and returns a 200 status code" time="0"/>
  <testcase classname="Scenario: Get unused token SUCCESS" name="Scenario: Get unused token SUCCESS" time="0.001"/>
  <testcase classname="Scenario: Get validity of token SUCCESS" name="Given a token id 1" time="0"/>
  <testcase classname="Scenario: Get validity of token SUCCESS" name="When the validity check of a token is requested" time="0"/>
  <testcase classname="Scenario: Get validity of token SUCCESS" name="Then the REST service succeeds and returns a 200 status code" time="0"/>
  <testcase classname="Scenario: Get validity of token SUCCESS" name="Scenario: Get validity of token SUCCESS" time="0"/>
  <testcase classname="Scenario: Set a token from unused to used SUCCESS" name="Given another token id 2" time="0"/>
  <testcase classname="Scenario: Set a token from unused to used SUCCESS" name="When the update to used is requested" time="0"/>
  <testcase classname="Scenario: Set a token from unused to used SUCCESS" name="Then the REST service succeeds and returns a 200 status code" time="0"/>
  <testcase classname="Scenario: Set a token from unused to used SUCCESS" name="Scenario: Set a token from unused to used SUCCESS" time="0"/>
  <testcase classname="Scenario: Create a new token SUCCESS" name="Given a customer id &quot;2&quot;, unique identifier &quot;ee467f55-a288-4d2b-b5dd-aae6dae62137&quot; and a token unused &quot;false&quot;" time="0"/>
  <testcase classname="Scenario: Create a new token SUCCESS" name="When the creating of a new token is requested" time="0"/>
  <testcase classname="Scenario: Create a new token SUCCESS" name="Then the REST service returns the object and a 200 status code" time="0"/>
  <testcase classname="Scenario: Create a new token SUCCESS" name="Scenario: Create a new token SUCCESS" time="0"/>
</testsuite>